<?xml version="1.0" encoding="UTF-8"?>
<testng-results skipped="0" failed="0" total="1" passed="1">
  <reporter-output>
  </reporter-output>
  <suite name="Default suite" duration-ms="951291" started-at="2016-10-26T08:02:31Z" finished-at="2016-10-26T08:18:23Z">
    <groups>
    </groups>
    <test name="Default test" duration-ms="951291" started-at="2016-10-26T08:02:31Z" finished-at="2016-10-26T08:18:23Z">
      <class name="Tests.Test1">
        <test-method status="PASS" signature="initializeDrivers()[pri:0, instance:Tests.Test1@3abbfa04]" name="initializeDrivers" is-config="true" duration-ms="24637" started-at="2016-10-26T13:32:31Z" finished-at="2016-10-26T13:32:56Z">
          <reporter-output>
          </reporter-output>
        </test-method> <!-- initializeDrivers -->
        <test-method status="PASS" signature="profileImageScreenshots()[pri:0, instance:Tests.Test1@3abbfa04]" name="profileImageScreenshots" duration-ms="926629" started-at="2016-10-26T13:32:56Z" finished-at="2016-10-26T13:48:23Z">
          <reporter-output>
          </reporter-output>
        </test-method> <!-- profileImageScreenshots -->
        <test-method status="PASS" signature="tearDown()[pri:0, instance:Tests.Test1@3abbfa04]" name="tearDown" is-config="true" duration-ms="1" started-at="2016-10-26T13:48:23Z" finished-at="2016-10-26T13:48:23Z">
          <reporter-output>
          </reporter-output>
        </test-method> <!-- tearDown -->
      </class> <!-- Tests.Test1 -->
    </test> <!-- Default test -->
  </suite> <!-- Default suite -->
</testng-results>
